0 info it worked if it ends with ok
1 verbose cli [ '/usr/local/bin/node',
1 verbose cli   '/usr/local/bin/npm',
1 verbose cli   'install',
1 verbose cli   'node-ffi' ]
2 info using npm@1.1.61
3 info using node@v0.8.9
4 verbose read json /home/paul/Dev/scopehacks/package.json
5 verbose read json /home/paul/Dev/scopehacks/node_modules/jade/package.json
6 verbose read json /home/paul/Dev/scopehacks/node_modules/node/package.json
7 verbose read json /home/paul/Dev/scopehacks/node_modules/express/package.json
8 verbose read json /home/paul/Dev/scopehacks/node_modules/duino/package.json
9 verbose read json /home/paul/Dev/scopehacks/node_modules/connect/package.json
10 warn package.json node@0.0.0 No README.md file found!
11 verbose read json /home/paul/Dev/scopehacks/package.json
12 verbose cache add [ 'node-ffi', null ]
13 silly cache add name=undefined spec="node-ffi" args=["node-ffi",null]
14 verbose parsed url { pathname: 'node-ffi', path: 'node-ffi', href: 'node-ffi' }
15 silly lockFile 0e5fca03-node-ffi node-ffi
16 verbose lock node-ffi /home/paul/.npm/0e5fca03-node-ffi.lock
17 silly lockFile 0e5fca03-node-ffi node-ffi
18 verbose addNamed [ 'node-ffi', '' ]
19 verbose addNamed [ null, '' ]
20 silly lockFile 78c28b73-node-ffi node-ffi@
21 verbose lock node-ffi@ /home/paul/.npm/78c28b73-node-ffi.lock
22 silly addNameRange { name: 'node-ffi', range: '', hasData: false }
23 verbose url raw node-ffi
24 verbose url resolving [ 'https://registry.npmjs.org/', './node-ffi' ]
25 verbose url resolved https://registry.npmjs.org/node-ffi
26 info trying registry request attempt 1 at 15:31:27
27 verbose etag "4QGHBE2MYOTTYKJULRG0BVC46"
28 http GET https://registry.npmjs.org/node-ffi
29 http 304 https://registry.npmjs.org/node-ffi
30 silly registry.get cb [ 304,
30 silly registry.get   { server: 'CouchDB/1.2.0 (Erlang OTP/R15B)',
30 silly registry.get     etag: '"4QGHBE2MYOTTYKJULRG0BVC46"',
30 silly registry.get     date: 'Tue, 25 Sep 2012 19:31:27 GMT',
30 silly registry.get     'content-length': '0' } ]
31 verbose etag node-ffi from cache
32 silly addNameRange number 2 { name: 'node-ffi', range: '', hasData: true }
33 silly addNameRange versions [ 'node-ffi',
33 silly addNameRange   [ '0.1.1',
33 silly addNameRange     '0.1.2',
33 silly addNameRange     '0.2.0',
33 silly addNameRange     '0.2.1',
33 silly addNameRange     '0.2.2',
33 silly addNameRange     '0.3.0',
33 silly addNameRange     '0.3.1',
33 silly addNameRange     '0.3.2',
33 silly addNameRange     '0.4.0',
33 silly addNameRange     '0.4.1',
33 silly addNameRange     '0.4.2',
33 silly addNameRange     '0.5.0',
33 silly addNameRange     '0.5.1',
33 silly addNameRange     '0.5.1-1',
33 silly addNameRange     '0.5.2',
33 silly addNameRange     '0.5.3',
33 silly addNameRange     '0.5.4',
33 silly addNameRange     '0.5.5' ] ]
34 verbose addNamed [ 'node-ffi', '0.5.5' ]
35 verbose addNamed [ '0.5.5', '0.5.5' ]
36 silly lockFile 73629d54-node-ffi-0-5-5 node-ffi@0.5.5
37 verbose lock node-ffi@0.5.5 /home/paul/.npm/73629d54-node-ffi-0-5-5.lock
38 verbose read json /home/paul/.npm/node-ffi/0.5.5/package/package.json
39 silly lockFile 73629d54-node-ffi-0-5-5 node-ffi@0.5.5
40 silly lockFile 78c28b73-node-ffi node-ffi@
41 silly resolved [ { name: 'node-ffi',
41 silly resolved     version: '0.5.5',
41 silly resolved     author: { name: 'Rick Branson' },
41 silly resolved     contributors: [ [Object] ],
41 silly resolved     description: 'A foreign function interface (FFI) for Node.js',
41 silly resolved     homepage: 'http://github.com/rbranson/node-ffi',
41 silly resolved     engines: { node: '>=0.6.0' },
41 silly resolved     main: './lib/ffi',
41 silly resolved     dependencies: { bindings: '*' },
41 silly resolved     devDependencies: { 'expect.js': '*', mocha: '>= 0.10.x' },
41 silly resolved     scripts:
41 silly resolved      { test: 'mocha -gc --reporter spec',
41 silly resolved        install: 'node-gyp rebuild' },
41 silly resolved     repository: { type: 'git', url: 'http://github.com/rbranson/node-ffi.git' },
41 silly resolved     bugs: { url: 'http://github.com/rbranson/node-ffi/issues' },
41 silly resolved     gypfile: true,
41 silly resolved     readme: 'node-ffi\n========\n### Node.js Foreign Function Interface [![Build Status](https://secure.travis-ci.org/rbranson/node-ffi.png)](http://travis-ci.org/rbranson/node-ffi)\n\n`node-ffi` is a Node.js addon for loading and calling dynamic libraries using pure JavaScript. It can be used to create bindings to native libraries without writing any C++ code.\n\nIt also simplifies the augmentation of node.js with C code as it takes care of handling the translation of types across JavaScript and C, which can add reams of boilerplate code to your otherwise simple C. See the `example/factorial` for an example of this use case.\n\n**WARNING**: node-ffi assumes you know what you\'re doing. You can pretty easily create situations where you will segfault the interpreter and unless you\'ve got C debugger skills, you probably won\'t know what\'s going on.\n\n# EXAMPLE\n\n``` js\nvar ffi = require("node-ffi");\n\nvar libm = new ffi.Library("libm", { "ceil": [ "double", [ "double" ] ] });\nlibm.ceil(1.5); // 2\n\n// You can also access just functions in the current process by passing a null\nvar current = new ffi.Library(null, { "atoi": [ "int32", [ "string" ] ] });\ncurrent.atoi("1234"); // 1234\n```\n\n# REQUIREMENTS\n\n * Linux, OS X, Windows, or Solaris.\n * `libffi` comes bundled with node-ffi, it does not need to be installed on your system.\n * The current version is tested to run on node 0.6.x.\n * If you need node 0.4.x support, use the `0.4` branch of node-ffi.\n\n# NPM INSTALL\n\n``` bash\n$ npm install node-ffi\n```\n\nMost popular operating systems have a pre-compiled binary that comes along with node-ffi, so most of the time you will not need to compile anything! (Unless of course you want to, then see below).\n\n# SOURCE INSTALL / MANUAL COMPILATION\n\nTo compile from source it\'s easiest to use\n[`node-gyp`](https://github.com/TooTallNate/node-gyp):\n\n``` bash\n$ npm install -g node-gyp\n```\n\nNow you can compile `node-ffi`:\n\n``` bash\n$ git clone git://github.com/rbranson/node-ffi.git\n$ cd node-ffi\n$ node-gyp configure build\n```\n\n# TYPES\n\n    int8        Signed 8-bit Integer\n    uint8       Unsigned 8-bit Integer\n    int16       Signed 16-bit Integer\n    uint16      Unsigned 16-bit Integer\n    int32       Signed 32-bit Integer\n    uint32      Unsigned 32-bit Integer\n    int64       Signed 64-bit Integer\n    uint64      Unsigned 64-bit Integer\n    float       Single Precision Floating Point Number (float)\n    double      Double Precision Floating Point Number (double)\n    pointer     Pointer Type\n    string      Null-Terminated String (char *)\n\nIn addition to the basic types, there are type aliases for common C types.\n\n    byte        unsigned char\n    char        char\n    uchar       unsigned char\n    short       short\n    ushort      unsigned short\n    int         int\n    uint        unsigned int\n    long        long\n    ulong       unsigned long\n    longlong    long\n    ulonglong   unsigned long long\n    size_t      platform-dependent, usually pointer size\n\n# V8 and 64-bit Types\n\nInternally, V8 stores integers that will fit into a 32-bit space in a 32-bit integer, and those that fall outside of this get put into double-precision floating point numbers. This is problematic because FP numbers are imprecise. To get around this, the methods in node-ffi that deal with 64-bit integers return strings and can accept strings as parameters.\n\n# Call Overhead\n\nThere is non-trivial overhead associated with FFI calls. Comparing a hard-coded binding version of `strtoul()` to an FFI version of `strtoul()` shows that the native hard-coded binding is 5x faster. So don\'t just use the C version of a function just because it\'s faster. There\'s a significant cost in FFI calls, so make them worth it.\n\n# LICENSE\n\nMIT License. See the `LICENSE` file.\n\n',
41 silly resolved     _id: 'node-ffi@0.5.5',
41 silly resolved     _from: 'node-ffi' } ]
42 info install node-ffi@0.5.5 into /home/paul/Dev/scopehacks
43 info installOne node-ffi@0.5.5
44 verbose from cache /home/paul/.npm/node-ffi/0.5.5/package/package.json
45 info /home/paul/Dev/scopehacks/node_modules/node-ffi unbuild
46 verbose read json /home/paul/Dev/scopehacks/node_modules/node-ffi/package.json
47 verbose tar unpack /home/paul/.npm/node-ffi/0.5.5/package.tgz
48 silly lockFile 6f4a1bde-scopehacks-node-modules-node-ffi /home/paul/Dev/scopehacks/node_modules/node-ffi
49 verbose lock /home/paul/Dev/scopehacks/node_modules/node-ffi /home/paul/.npm/6f4a1bde-scopehacks-node-modules-node-ffi.lock
50 silly gunzTarPerm modes [ '755', '644' ]
51 silly gunzTarPerm extractEntry package.json
52 silly gunzTarPerm extractEntry .npmignore
53 silly gunzTarPerm extractEntry README.md
54 silly gunzTarPerm extractEntry LICENSE
55 silly gunzTarPerm extractEntry lib/cif.js
56 silly gunzTarPerm extractEntry lib/ffi.js
57 silly gunzTarPerm extractEntry lib/callback.js
58 silly gunzTarPerm extractEntry lib/struct.js
59 silly gunzTarPerm extractEntry lib/dynamic_library.js
60 silly gunzTarPerm extractEntry lib/errno.js
61 silly gunzTarPerm extractEntry lib/foreign_function.js
62 silly gunzTarPerm extractEntry lib/library.js
63 silly gunzTarPerm extractEntry lib/pointer.js
64 silly gunzTarPerm extractEntry src/pointer.cc
65 silly gunzTarPerm extractEntry src/foreign_caller.cc
66 silly gunzTarPerm extractEntry src/ffi.h
67 silly gunzTarPerm extractEntry src/callback_info.cc
68 silly gunzTarPerm extractEntry src/threaded_callback_invokation.cc
69 silly gunzTarPerm extractEntry src/ffi.cc
70 silly gunzTarPerm extractEntry test.old/test.js
71 silly gunzTarPerm extractEntry test.old/test.old.js
72 silly gunzTarPerm extractEntry libffi-config.sh
73 silly gunzTarPerm extractEntry test/callback.js
74 silly gunzTarPerm extractEntry test/struct.js
75 silly gunzTarPerm extractEntry test/buffer.js
76 silly gunzTarPerm extractEntry test/errno.js
77 silly gunzTarPerm extractEntry test/foreign_function.js
78 silly gunzTarPerm extractEntry test/library.js
79 silly gunzTarPerm extractEntry test/pointer.js
80 silly gunzTarPerm extractEntry test/objc.js
81 silly gunzTarPerm extractEntry example/sqlite.js
82 silly gunzTarPerm extractEntry example/structs/struct.js
83 silly gunzTarPerm extractEntry example/structs/struct.c
84 silly gunzTarPerm extractEntry example/structs/wscript
85 silly gunzTarPerm extractEntry example/factorial/README
86 silly gunzTarPerm extractEntry example/factorial/factorial.js
87 silly gunzTarPerm extractEntry example/factorial/factorial.c
88 silly gunzTarPerm extractEntry example/factorial/wscript
89 silly gunzTarPerm extractEntry binding.gyp
90 silly gunzTarPerm extractEntry compiled/0.6/win32/ia32/ffi_bindings.node
91 silly gunzTarPerm extractEntry compiled/0.6/sunos/ia32/ffi_bindings.node
92 silly gunzTarPerm extractEntry compiled/0.6/darwin/x64/ffi_bindings.node
93 silly gunzTarPerm extractEntry compiled/0.6/darwin/ia32/ffi_bindings.node
94 silly gunzTarPerm extractEntry compiled/0.6/linux/x64/ffi_bindings.node
95 silly gunzTarPerm extractEntry compiled/0.6/linux/ia32/ffi_bindings.node
96 silly gunzTarPerm extractEntry deps/README
97 silly gunzTarPerm extractEntry deps/dlfcn-win32/README
98 silly gunzTarPerm extractEntry deps/dlfcn-win32/dlfcn.gyp
99 silly gunzTarPerm extractEntry deps/dlfcn-win32/dlfcn.c
100 silly gunzTarPerm extractEntry deps/dlfcn-win32/dlfcn.h
101 silly gunzTarPerm extractEntry deps/dlfcn-win32/configure
102 silly gunzTarPerm extractEntry deps/dlfcn-win32/test.c
103 silly gunzTarPerm extractEntry deps/dlfcn-win32/testdll.c
104 silly gunzTarPerm extractEntry deps/dlfcn-win32/COPYING
105 silly gunzTarPerm extractEntry deps/pthreads-win32/README
106 silly gunzTarPerm extractEntry deps/pthreads-win32/pthread_mutexattr_getrobust.c
107 silly gunzTarPerm extractEntry deps/pthreads-win32/semaphore.c
108 silly gunzTarPerm extractEntry deps/pthreads-win32/pthread_barrierattr_init.c
109 silly gunzTarPerm extractEntry deps/pthreads-win32/sched.c
110 silly gunzTarPerm extractEntry deps/pthreads-win32/pthread_spin_destroy.c
111 silly gunzTarPerm extractEntry deps/pthreads-win32/ptw32_cond_check_need_init.c
112 silly gunzTarPerm extractEntry deps/pthreads-win32/ptw32_spinlock_check_need_init.c
113 silly gunzTarPerm extractEntry deps/pthreads-win32/pthread_condattr_init.c
114 silly gunzTarPerm extractEntry deps/pthreads-win32/pthread_mutex_consistent.c
115 silly gunzTarPerm extractEntry deps/pthreads-win32/ChangeLog
116 silly gunzTarPerm extractEntry deps/pthreads-win32/sched_get_priority_min.c
117 silly gunzTarPerm extractEntry deps/pthreads-win32/FAQ
118 silly gunzTarPerm extractEntry deps/pthreads-win32/pthread_join.c
119 silly gunzTarPerm extractEntry deps/pthreads-win32/sem_unlink.c
120 silly gunzTarPerm extractEntry deps/pthreads-win32/pthread_barrier_init.c
121 silly gunzTarPerm extractEntry deps/pthreads-win32/pthread_attr_setstackaddr.c
122 silly gunzTarPerm extractEntry deps/pthreads-win32/pthread_self.c
123 silly gunzTarPerm extractEntry deps/pthreads-win32/sem_open.c
124 silly gunzTarPerm extractEntry deps/pthreads-win32/pthread_attr_getschedpolicy.c
125 silly gunzTarPerm extractEntry deps/pthreads-win32/signal.c
126 silly gunzTarPerm extractEntry deps/pthreads-win32/semaphore.h
127 silly gunzTarPerm extractEntry deps/pthreads-win32/barrier.c
128 silly gunzTarPerm extractEntry deps/pthreads-win32/ptw32_rwlock_cancelwrwait.c
129 silly gunzTarPerm extractEntry deps/pthreads-win32/sem_wait.c
130 silly gunzTarPerm extractEntry deps/pthreads-win32/version.rc
131 silly gunzTarPerm extractEntry deps/pthreads-win32/sync.c
132 silly gunzTarPerm extractEntry deps/pthreads-win32/condvar.c
133 silly gunzTarPerm extractEntry deps/pthreads-win32/COPYING.LIB
134 silly gunzTarPerm extractEntry deps/pthreads-win32/pthread_mutexattr_destroy.c
135 silly gunzTarPerm extractEntry deps/pthreads-win32/pthread_getschedparam.c
136 silly gunzTarPerm extractEntry deps/pthreads-win32/pthread_cond_destroy.c
137 silly gunzTarPerm extractEntry deps/pthreads-win32/ptw32_threadDestroy.c
138 silly gunzTarPerm extractEntry deps/pthreads-win32/ptw32_threadStart.c
139 silly gunzTarPerm extractEntry deps/pthreads-win32/tests/README
140 silly gunzTarPerm extractEntry deps/pthreads-win32/tests/cancel8.c
141 silly gunzTarPerm extractEntry deps/pthreads-win32/tests/mutex7r.c
142 silly gunzTarPerm extractEntry deps/pthreads-win32/tests/condvar6.c
143 silly gunzTarPerm extractEntry deps/pthreads-win32/tests/rwlock6_t.c
144 silly gunzTarPerm extractEntry deps/pthreads-win32/tests/self1.c
145 silly gunzTarPerm extractEntry deps/pthreads-win32/tests/reuse2.c
146 silly gunzTarPerm extractEntry deps/pthreads-win32/tests/robust1.c
147 silly gunzTarPerm extractEntry deps/pthreads-win32/tests/ChangeLog
148 silly gunzTarPerm extractEntry deps/pthreads-win32/tests/mutex8.c
149 silly gunzTarPerm extractEntry deps/pthreads-win32/tests/condvar3_2.c
150 silly gunzTarPerm extractEntry deps/pthreads-win32/tests/sequence1.c
151 silly gunzTarPerm extractEntry deps/pthreads-win32/tests/reuse1.c
152 silly gunzTarPerm extractEntry deps/pthreads-win32/tests/semaphore1.c
153 silly gunzTarPerm extractEntry deps/pthreads-win32/tests/cleanup0.c
154 silly gunzTarPerm extractEntry deps/pthreads-win32/tests/exit4.c
155 silly gunzTarPerm extractEntry deps/pthreads-win32/tests/semaphore4.c
156 silly gunzTarPerm extractEntry deps/pthreads-win32/tests/rwlock8.c
157 silly gunzTarPerm extractEntry deps/pthreads-win32/tests/once2.c
158 silly gunzTarPerm extractEntry deps/pthreads-win32/tests/cancel2.c
159 silly gunzTarPerm extractEntry deps/pthreads-win32/tests/SIZES.VC
160 silly gunzTarPerm extractEntry deps/pthreads-win32/tests/spin1.c
161 silly gunzTarPerm extractEntry deps/pthreads-win32/tests/barrier4.c
162 silly gunzTarPerm extractEntry deps/pthreads-win32/tests/mutex1r.c
163 silly gunzTarPerm extractEntry deps/pthreads-win32/tests/exception3.c
164 silly gunzTarPerm extractEntry deps/pthreads-win32/tests/semaphore3.c
165 silly gunzTarPerm extractEntry deps/pthreads-win32/tests/condvar9.c
166 silly gunzTarPerm extractEntry deps/pthreads-win32/tests/benchtest3.c
167 silly gunzTarPerm extractEntry deps/pthreads-win32/tests/rwlock6_t2.c
168 silly gunzTarPerm extractEntry deps/pthreads-win32/tests/mutex2r.c
169 silly gunzTarPerm extractEntry deps/pthreads-win32/tests/test.h
170 silly gunzTarPerm extractEntry deps/pthreads-win32/tests/mutex1n.c
171 silly gunzTarPerm extractEntry deps/pthreads-win32/tests/priority1.c
172 silly gunzTarPerm extractEntry deps/pthreads-win32/tests/kill1.c
173 silly gunzTarPerm extractEntry deps/pthreads-win32/tests/spin3.c
174 silly gunzTarPerm extractEntry deps/pthreads-win32/tests/mutex7.c
175 silly gunzTarPerm extractEntry deps/pthreads-win32/tests/exit2.c
176 silly gunzTarPerm extractEntry deps/pthreads-win32/tests/exception1.c
177 silly gunzTarPerm extractEntry deps/pthreads-win32/tests/mutex2.c
178 silly gunzTarPerm extractEntry deps/pthreads-win32/tests/inherit1.c
179 silly gunzTarPerm extractEntry deps/pthreads-win32/tests/rwlock3_t.c
180 silly gunzTarPerm extractEntry deps/pthreads-win32/tests/benchlib.c
181 silly gunzTarPerm extractEntry deps/pthreads-win32/tests/condvar7.c
182 silly gunzTarPerm extractEntry deps/pthreads-win32/tests/cleanup1.c
183 silly gunzTarPerm extractEntry deps/pthreads-win32/tests/sizes.c
184 silly gunzTarPerm extractEntry deps/pthreads-win32/tests/context1.c
185 silly gunzTarPerm extractEntry deps/pthreads-win32/tests/barrier1.c
186 silly gunzTarPerm extractEntry deps/pthreads-win32/tests/SIZES.GC
187 silly gunzTarPerm extractEntry deps/pthreads-win32/tests/errno1.c
188 silly gunzTarPerm extractEntry deps/pthreads-win32/tests/delay1.c
189 silly gunzTarPerm extractEntry deps/pthreads-win32/tests/benchtest5.c
190 silly gunzTarPerm extractEntry deps/pthreads-win32/tests/condvar2.c
191 silly gunzTarPerm extractEntry deps/pthreads-win32/tests/tryentercs.c
192 silly gunzTarPerm extractEntry deps/pthreads-win32/tests/mutex3r.c
193 silly gunzTarPerm extractEntry deps/pthreads-win32/tests/semaphore5.c
194 silly gunzTarPerm extractEntry deps/pthreads-win32/tests/robust2.c
195 silly gunzTarPerm extractEntry deps/pthreads-win32/tests/spin4.c
196 silly gunzTarPerm extractEntry deps/pthreads-win32/tests/Bmakefile
197 silly gunzTarPerm extractEntry deps/pthreads-win32/tests/cancel5.c
198 silly gunzTarPerm extractEntry deps/pthreads-win32/tests/loadfree.c
199 silly gunzTarPerm extractEntry deps/pthreads-win32/tests/detach1.c
200 silly gunzTarPerm extractEntry deps/pthreads-win32/tests/mutex2e.c
201 silly gunzTarPerm extractEntry deps/pthreads-win32/tests/rwlock1.c
202 silly gunzTarPerm extractEntry deps/pthreads-win32/tests/mutex4.c
203 silly gunzTarPerm extractEntry deps/pthreads-win32/tests/eyal1.c
204 silly gunzTarPerm extractEntry deps/pthreads-win32/tests/mutex3.c
205 silly gunzTarPerm extractEntry deps/pthreads-win32/tests/condvar3_3.c
206 silly gunzTarPerm extractEntry deps/pthreads-win32/tests/mutex8e.c
207 silly gunzTarPerm extractEntry deps/pthreads-win32/tests/openmp1.c
208 silly gunzTarPerm extractEntry deps/pthreads-win32/tests/semaphore2.c
209 silly gunzTarPerm extractEntry deps/pthreads-win32/tests/mutex5.c
210 silly gunzTarPerm extractEntry deps/pthreads-win32/tests/join2.c
211 silly gunzTarPerm extractEntry deps/pthreads-win32/tests/rwlock7.c
212 silly gunzTarPerm extractEntry deps/pthreads-win32/tests/join1.c
213 silly gunzTarPerm extractEntry deps/pthreads-win32/tests/condvar3.c
214 silly gunzTarPerm extractEntry deps/pthreads-win32/tests/once4.c
215 silly gunzTarPerm extractEntry deps/pthreads-win32/tests/rwlock4.c
216 silly gunzTarPerm extractEntry deps/pthreads-win32/tests/rwlock5_t.c
217 silly gunzTarPerm extractEntry deps/pthreads-win32/tests/robust3.c
218 silly gunzTarPerm extractEntry deps/pthreads-win32/tests/robust4.c
219 silly gunzTarPerm extractEntry deps/pthreads-win32/tests/mutex6s.c
220 silly gunzTarPerm extractEntry deps/pthreads-win32/tests/condvar2_1.c
221 silly gunzTarPerm extractEntry deps/pthreads-win32/tests/condvar4.c
222 silly gunzTarPerm extractEntry deps/pthreads-win32/tests/barrier3.c
223 silly gunzTarPerm extractEntry deps/pthreads-win32/tests/rwlock3.c
224 silly gunzTarPerm extractEntry deps/pthreads-win32/tests/create2.c
225 silly gunzTarPerm extractEntry deps/pthreads-win32/tests/condvar8.c
226 silly gunzTarPerm extractEntry deps/pthreads-win32/tests/delay2.c
227 silly gunzTarPerm extractEntry deps/pthreads-win32/tests/cancel7.c
228 silly gunzTarPerm extractEntry deps/pthreads-win32/tests/once3.c
229 silly gunzTarPerm extractEntry deps/pthreads-win32/tests/README.BENCHTESTS
230 silly gunzTarPerm extractEntry deps/pthreads-win32/tests/cancel1.c
231 silly gunzTarPerm extractEntry deps/pthreads-win32/tests/SIZES.VSE
232 silly gunzTarPerm extractEntry deps/pthreads-win32/tests/mutex3e.c
233 silly gunzTarPerm extractEntry deps/pthreads-win32/tests/equal1.c
234 silly gunzTarPerm extractEntry deps/pthreads-win32/tests/tsd1.c
235 silly gunzTarPerm extractEntry deps/pthreads-win32/tests/mutex6es.c
236 silly gunzTarPerm extractEntry deps/pthreads-win32/tests/benchtest.h
237 silly gunzTarPerm extractEntry deps/pthreads-win32/tests/Wmakefile
238 silly gunzTarPerm extractEntry deps/pthreads-win32/tests/join0.c
239 silly gunzTarPerm extractEntry deps/pthreads-win32/tests/mutex7e.c
240 silly gunzTarPerm extractEntry deps/pthreads-win32/tests/rwlock6.c
241 silly gunzTarPerm extractEntry deps/pthreads-win32/tests/mutex7n.c
242 silly gunzTarPerm extractEntry deps/pthreads-win32/tests/cleanup2.c
243 silly gunzTarPerm extractEntry deps/pthreads-win32/tests/mutex6e.c
244 silly gunzTarPerm extractEntry deps/pthreads-win32/tests/benchtest4.c
245 silly gunzTarPerm extractEntry deps/pthreads-win32/tests/SIZES.VCE
246 silly gunzTarPerm extractEntry deps/pthreads-win32/tests/tsd2.c
247 silly gunzTarPerm extractEntry deps/pthreads-win32/tests/once1.c
248 silly gunzTarPerm extractEntry deps/pthreads-win32/tests/condvar3_1.c
249 silly gunzTarPerm extractEntry deps/pthreads-win32/tests/mutex6.c
250 silly gunzTarPerm extractEntry deps/pthreads-win32/tests/benchtest2.c
251 silly gunzTarPerm extractEntry deps/pthreads-win32/tests/self2.c
252 silly gunzTarPerm extractEntry deps/pthreads-win32/tests/exit3.c
253 silly gunzTarPerm extractEntry deps/pthreads-win32/tests/barrier2.c
254 silly gunzTarPerm extractEntry deps/pthreads-win32/tests/rwlock2_t.c
255 silly gunzTarPerm extractEntry deps/pthreads-win32/tests/mutex1.c
256 silly gunzTarPerm extractEntry deps/pthreads-win32/tests/cancel6d.c
257 silly gunzTarPerm extractEntry deps/pthreads-win32/tests/barrier5.c
258 silly gunzTarPerm extractEntry deps/pthreads-win32/tests/tryentercs2.c
259 silly gunzTarPerm extractEntry deps/pthreads-win32/tests/mutex8n.c
260 silly gunzTarPerm extractEntry deps/pthreads-win32/tests/condvar5.c
261 silly gunzTarPerm extractEntry deps/pthreads-win32/tests/exit1.c
262 silly gunzTarPerm extractEntry deps/pthreads-win32/tests/cancel9.c
263 silly gunzTarPerm extractEntry deps/pthreads-win32/tests/mutex8r.c
264 silly gunzTarPerm extractEntry deps/pthreads-win32/tests/count1.c
265 silly gunzTarPerm extractEntry deps/pthreads-win32/tests/create1.c
266 silly gunzTarPerm extractEntry deps/pthreads-win32/tests/semaphore4t.c
267 silly gunzTarPerm extractEntry deps/pthreads-win32/tests/robust5.c
268 silly gunzTarPerm extractEntry deps/pthreads-win32/tests/spin2.c
269 silly gunzTarPerm extractEntry deps/pthreads-win32/tests/Debug.dsp
270 silly gunzTarPerm extractEntry deps/pthreads-win32/tests/rwlock2.c
271 silly gunzTarPerm extractEntry deps/pthreads-win32/tests/Debug.plg
272 silly gunzTarPerm extractEntry deps/pthreads-win32/tests/rwlock4_t.c
273 silly gunzTarPerm extractEntry deps/pthreads-win32/tests/barrier6.c
274 silly gunzTarPerm extractEntry deps/pthreads-win32/tests/Debug.dsw
275 silly gunzTarPerm extractEntry deps/pthreads-win32/tests/cleanup3.c
276 silly gunzTarPerm extractEntry deps/pthreads-win32/tests/condvar1.c
277 silly gunzTarPerm extractEntry deps/pthreads-win32/tests/cancel3.c
278 silly gunzTarPerm extractEntry deps/pthreads-win32/tests/mutex6rs.c
279 silly gunzTarPerm extractEntry deps/pthreads-win32/tests/exception2.c
280 silly gunzTarPerm extractEntry deps/pthreads-win32/tests/join3.c
281 silly gunzTarPerm extractEntry deps/pthreads-win32/tests/priority2.c
282 silly gunzTarPerm extractEntry deps/pthreads-win32/tests/mutex6n.c
283 silly gunzTarPerm extractEntry deps/pthreads-win32/tests/rwlock5.c
284 silly gunzTarPerm extractEntry deps/pthreads-win32/tests/mutex6r.c
285 silly gunzTarPerm extractEntry deps/pthreads-win32/tests/valid2.c
286 silly gunzTarPerm extractEntry deps/pthreads-win32/tests/valid1.c
287 silly gunzTarPerm extractEntry deps/pthreads-win32/tests/Debug.txt
288 silly gunzTarPerm extractEntry deps/pthreads-win32/tests/stress1.c
289 silly gunzTarPerm extractEntry deps/pthreads-win32/tests/condvar1_1.c
290 silly gunzTarPerm extractEntry deps/pthreads-win32/tests/condvar1_2.c
291 silly gunzTarPerm extractEntry deps/pthreads-win32/tests/benchtest1.c
292 silly gunzTarPerm extractEntry deps/pthreads-win32/tests/exit5.c
293 silly gunzTarPerm extractEntry deps/pthreads-win32/tests/mutex1e.c
294 silly gunzTarPerm extractEntry deps/pthreads-win32/tests/cancel6a.c
295 silly gunzTarPerm extractEntry deps/pthreads-win32/tests/cancel4.c
296 silly gunzTarPerm extractEntry deps/pthreads-win32/tests/SIZES.GCE
297 silly gunzTarPerm extractEntry deps/pthreads-win32/tests/GNUmakefile
298 silly gunzTarPerm extractEntry deps/pthreads-win32/need_errno.h
299 silly gunzTarPerm extractEntry deps/pthreads-win32/pthread.dsw
300 silly gunzTarPerm extractEntry deps/pthreads-win32/Makefile
301 silly gunzTarPerm extractEntry deps/pthreads-win32/ptw32_MCS_lock.c
302 silly gunzTarPerm extractEntry deps/pthreads-win32/pthread_attr_setstacksize.c
303 silly gunzTarPerm extractEntry deps/pthreads-win32/pthread_cond_signal.c
304 silly gunzTarPerm extractEntry deps/pthreads-win32/pthread_attr_init.c
305 silly gunzTarPerm extractEntry deps/pthreads-win32/pthread_cond_init.c
306 silly gunzTarPerm extractEntry deps/pthreads-win32/pthread_mutexattr_setpshared.c
307 silly gunzTarPerm extractEntry deps/pthreads-win32/pthread_once.c
308 silly gunzTarPerm extractEntry deps/pthreads-win32/README.WinCE
309 silly gunzTarPerm extractEntry deps/pthreads-win32/pthread_attr_setscope.c
310 silly gunzTarPerm extractEntry deps/pthreads-win32/pthread_rwlockattr_getpshared.c
311 silly gunzTarPerm extractEntry deps/pthreads-win32/CONTRIBUTORS
312 silly gunzTarPerm extractEntry deps/pthreads-win32/pthread_mutex_init.c
313 silly gunzTarPerm extractEntry deps/pthreads-win32/pthread_rwlock_trywrlock.c
314 silly gunzTarPerm extractEntry deps/pthreads-win32/pthread_rwlock_timedrdlock.c
315 silly gunzTarPerm extractEntry deps/pthreads-win32/pthread_mutexattr_gettype.c
316 silly gunzTarPerm extractEntry deps/pthreads-win32/pthread_attr_getdetachstate.c
317 silly gunzTarPerm extractEntry deps/pthreads-win32/Bmakefile
318 silly gunzTarPerm extractEntry deps/pthreads-win32/pthread_condattr_getpshared.c
319 silly gunzTarPerm extractEntry deps/pthreads-win32/ANNOUNCE
320 silly gunzTarPerm extractEntry deps/pthreads-win32/exit.c
321 silly gunzTarPerm extractEntry deps/pthreads-win32/pthread_barrier_wait.c
322 silly gunzTarPerm extractEntry deps/pthreads-win32/pthread_setcancelstate.c
323 silly gunzTarPerm extractEntry deps/pthreads-win32/ptw32_rwlock_check_need_init.c
324 silly gunzTarPerm extractEntry deps/pthreads-win32/pthread_detach.c
325 silly gunzTarPerm extractEntry deps/pthreads-win32/sem_timedwait.c
326 silly gunzTarPerm extractEntry deps/pthreads-win32/pthread_exit.c
327 silly gunzTarPerm extractEntry deps/pthreads-win32/ptw32_is_attr.c
328 silly gunzTarPerm extractEntry deps/pthreads-win32/tsd.c
329 silly gunzTarPerm extractEntry deps/pthreads-win32/Nmakefile.tests
330 silly gunzTarPerm extractEntry deps/pthreads-win32/pthread_attr_destroy.c
331 silly gunzTarPerm extractEntry deps/pthreads-win32/sem_close.c
332 silly gunzTarPerm extractEntry deps/pthreads-win32/ptw32_throw.c
333 silly gunzTarPerm extractEntry deps/pthreads-win32/pthread_mutexattr_setrobust.c
334 silly gunzTarPerm extractEntry deps/pthreads-win32/Nmakefile
335 silly gunzTarPerm extractEntry deps/pthreads-win32/ptw32_calloc.c
336 silly gunzTarPerm extractEntry deps/pthreads-win32/pthread_delay_np.c
337 silly gunzTarPerm extractEntry deps/pthreads-win32/pthread_rwlockattr_setpshared.c
338 silly gunzTarPerm extractEntry deps/pthreads-win32/pthread_key_delete.c
339 silly gunzTarPerm extractEntry deps/pthreads-win32/spin.c
340 silly gunzTarPerm extractEntry deps/pthreads-win32/pthread_attr_getstacksize.c
341 silly gunzTarPerm extractEntry deps/pthreads-win32/README.Borland
342 silly gunzTarPerm extractEntry deps/pthreads-win32/sched.h
343 silly gunzTarPerm extractEntry deps/pthreads-win32/fork.c
344 silly gunzTarPerm extractEntry deps/pthreads-win32/misc.c
345 silly gunzTarPerm extractEntry deps/pthreads-win32/ptw32_semwait.c
346 silly gunzTarPerm extractEntry deps/pthreads-win32/pthread_barrierattr_setpshared.c
347 silly gunzTarPerm extractEntry deps/pthreads-win32/pthread_mutex_trylock.c
348 silly gunzTarPerm extractEntry deps/pthreads-win32/ptw32_reuse.c
349 silly gunzTarPerm extractEntry deps/pthreads-win32/pthread_mutex_destroy.c
350 silly gunzTarPerm extractEntry deps/pthreads-win32/NEWS
351 silly gunzTarPerm extractEntry deps/pthreads-win32/ptw32_tkAssocDestroy.c
352 silly gunzTarPerm extractEntry deps/pthreads-win32/pthread_rwlock_timedwrlock.c
353 silly gunzTarPerm extractEntry deps/pthreads-win32/ptw32_timespec.c
354 silly gunzTarPerm extractEntry deps/pthreads-win32/context.h
355 silly gunzTarPerm extractEntry deps/pthreads-win32/pthread_attr_setschedparam.c
356 silly gunzTarPerm extractEntry deps/pthreads-win32/pthread.h
357 silly gunzTarPerm extractEntry deps/pthreads-win32/pthread_spin_init.c
358 silly gunzTarPerm extractEntry deps/pthreads-win32/pthread_cancel.c
359 silly gunzTarPerm extractEntry deps/pthreads-win32/PROGRESS
360 silly gunzTarPerm extractEntry deps/pthreads-win32/ptw32_tkAssocCreate.c
361 silly gunzTarPerm extractEntry deps/pthreads-win32/README.NONPORTABLE
362 silly gunzTarPerm extractEntry deps/pthreads-win32/pthread_setspecific.c
363 silly gunzTarPerm extractEntry deps/pthreads-win32/ptw32_callUserDestroyRoutines.c
364 silly gunzTarPerm extractEntry deps/pthreads-win32/pthread_mutex_timedlock.c
365 silly gunzTarPerm extractEntry deps/pthreads-win32/config.h
366 silly gunzTarPerm extractEntry deps/pthreads-win32/pthread_rwlock_destroy.c
367 silly gunzTarPerm extractEntry deps/pthreads-win32/pthread_barrierattr_getpshared.c
368 silly gunzTarPerm extractEntry deps/pthreads-win32/pthread_mutexattr_setkind_np.c
369 silly gunzTarPerm extractEntry deps/pthreads-win32/pthread.gyp
370 silly gunzTarPerm extractEntry deps/pthreads-win32/sem_post_multiple.c
371 silly gunzTarPerm extractEntry deps/pthreads-win32/autostatic.c
372 silly gunzTarPerm extractEntry deps/pthreads-win32/pthread_rwlock_rdlock.c
373 silly gunzTarPerm extractEntry deps/pthreads-win32/sem_getvalue.c
374 silly gunzTarPerm extractEntry deps/pthreads-win32/ptw32_new.c
375 silly gunzTarPerm extractEntry deps/pthreads-win32/pthread_attr_getinheritsched.c
376 silly gunzTarPerm extractEntry deps/pthreads-win32/pthread_rwlockattr_destroy.c
377 silly gunzTarPerm extractEntry deps/pthreads-win32/pthread.c
378 silly gunzTarPerm extractEntry deps/pthreads-win32/cancel.c
379 silly gunzTarPerm extractEntry deps/pthreads-win32/sem_destroy.c
380 silly gunzTarPerm extractEntry deps/pthreads-win32/pthread_attr_setdetachstate.c
381 silly gunzTarPerm extractEntry deps/pthreads-win32/pthread_mutex_unlock.c
382 silly gunzTarPerm extractEntry deps/pthreads-win32/mutex.c
383 silly gunzTarPerm extractEntry deps/pthreads-win32/pthread_mutexattr_settype.c
384 silly gunzTarPerm extractEntry deps/pthreads-win32/pthread_attr_getschedparam.c
385 silly gunzTarPerm extractEntry deps/pthreads-win32/pthread_condattr_setpshared.c
386 silly gunzTarPerm extractEntry deps/pthreads-win32/dll.c
387 silly gunzTarPerm extractEntry deps/pthreads-win32/pthread_testcancel.c
388 silly gunzTarPerm extractEntry deps/pthreads-win32/global.c
389 silly gunzTarPerm extractEntry deps/pthreads-win32/pthread_spin_trylock.c
390 silly gunzTarPerm extractEntry deps/pthreads-win32/cleanup.c
391 silly gunzTarPerm extractEntry deps/pthreads-win32/sem_init.c
392 silly gunzTarPerm extractEntry deps/pthreads-win32/w32_CancelableWait.c
393 silly gunzTarPerm extractEntry deps/pthreads-win32/errno.c
394 silly gunzTarPerm extractEntry deps/pthreads-win32/pthread_getw32threadhandle_np.c
395 silly gunzTarPerm extractEntry deps/pthreads-win32/sched_get_priority_max.c
396 silly gunzTarPerm extractEntry deps/pthreads-win32/pthread_spin_unlock.c
397 silly gunzTarPerm extractEntry deps/pthreads-win32/ptw32_getprocessors.c
398 silly gunzTarPerm extractEntry deps/pthreads-win32/pthread_timechange_handler_np.c
399 silly gunzTarPerm extractEntry deps/pthreads-win32/WinCE-PORT
400 silly gunzTarPerm extractEntry deps/pthreads-win32/pthread_rwlock_init.c
401 silly gunzTarPerm extractEntry deps/pthreads-win32/sched_getscheduler.c
402 silly gunzTarPerm extractEntry deps/pthreads-win32/pthread_cond_wait.c
403 silly gunzTarPerm extractEntry deps/pthreads-win32/sched_yield.c
404 silly gunzTarPerm extractEntry deps/pthreads-win32/sem_post.c
405 silly gunzTarPerm extractEntry deps/pthreads-win32/pthread_mutexattr_getkind_np.c
406 silly gunzTarPerm extractEntry deps/pthreads-win32/pthread_mutexattr_getpshared.c
407 silly gunzTarPerm extractEntry deps/pthreads-win32/pthread_key_create.c
408 silly gunzTarPerm extractEntry deps/pthreads-win32/pthread_getspecific.c
409 silly gunzTarPerm extractEntry deps/pthreads-win32/pthread.dsp
410 silly gunzTarPerm extractEntry deps/pthreads-win32/ptw32_processInitialize.c
411 silly gunzTarPerm extractEntry deps/pthreads-win32/nonportable.c
412 silly gunzTarPerm extractEntry deps/pthreads-win32/pthread_attr_getstackaddr.c
413 silly gunzTarPerm extractEntry deps/pthreads-win32/pthread_setcanceltype.c
414 silly gunzTarPerm extractEntry deps/pthreads-win32/builddmc.bat
415 silly gunzTarPerm extractEntry deps/pthreads-win32/TODO
416 silly gunzTarPerm extractEntry deps/pthreads-win32/pthread_setschedparam.c
417 silly gunzTarPerm extractEntry deps/pthreads-win32/ptw32_relmillisecs.c
418 silly gunzTarPerm extractEntry deps/pthreads-win32/rwlock.c
419 silly gunzTarPerm extractEntry deps/pthreads-win32/sched_setscheduler.c
420 silly gunzTarPerm extractEntry deps/pthreads-win32/ptw32_processTerminate.c
421 silly gunzTarPerm extractEntry deps/pthreads-win32/pthread_getconcurrency.c
422 silly gunzTarPerm extractEntry deps/pthreads-win32/pthread_kill.c
423 silly gunzTarPerm extractEntry deps/pthreads-win32/COPYING
424 silly gunzTarPerm extractEntry deps/pthreads-win32/README.CV
425 silly gunzTarPerm extractEntry deps/pthreads-win32/pthread_getunique_np.c
426 silly gunzTarPerm extractEntry deps/pthreads-win32/attr.c
427 silly gunzTarPerm extractEntry deps/pthreads-win32/pthread_win32_attach_detach_np.c
428 silly gunzTarPerm extractEntry deps/pthreads-win32/README.Watcom
429 silly gunzTarPerm extractEntry deps/pthreads-win32/pthread_spin_lock.c
430 silly gunzTarPerm extractEntry deps/pthreads-win32/pthread_equal.c
431 silly gunzTarPerm extractEntry deps/pthreads-win32/pthread_mutexattr_init.c
432 silly gunzTarPerm extractEntry deps/pthreads-win32/create.c
433 silly gunzTarPerm extractEntry deps/pthreads-win32/MAINTAINERS
434 silly gunzTarPerm extractEntry deps/pthreads-win32/pthread_barrier_destroy.c
435 silly gunzTarPerm extractEntry deps/pthreads-win32/implement.h
436 silly gunzTarPerm extractEntry deps/pthreads-win32/pthread_setconcurrency.c
437 silly gunzTarPerm extractEntry deps/pthreads-win32/pthread_num_processors_np.c
438 silly gunzTarPerm extractEntry deps/pthreads-win32/pthread_barrierattr_destroy.c
439 silly gunzTarPerm extractEntry deps/pthreads-win32/pthread_attr_getscope.c
440 silly gunzTarPerm extractEntry deps/pthreads-win32/pthread_mutex_lock.c
441 silly gunzTarPerm extractEntry deps/pthreads-win32/pthread_attr_setinheritsched.c
442 silly gunzTarPerm extractEntry deps/pthreads-win32/manual/pthread_getunique_np.html
443 silly gunzTarPerm extractEntry deps/pthreads-win32/manual/pthread_condattr_setpshared.html
444 silly gunzTarPerm extractEntry deps/pthreads-win32/manual/sched_setscheduler.html
445 silly gunzTarPerm extractEntry deps/pthreads-win32/manual/pthread_kill.html
446 silly gunzTarPerm extractEntry deps/pthreads-win32/manual/ChangeLog
447 silly gunzTarPerm extractEntry deps/pthreads-win32/manual/sem_init.html
448 silly gunzTarPerm extractEntry deps/pthreads-win32/manual/pthread_timechange_handler_np.html
449 silly gunzTarPerm extractEntry deps/pthreads-win32/manual/sched_get_priority_max.html
450 silly gunzTarPerm extractEntry deps/pthreads-win32/manual/pthread_mutex_init.html
451 silly gunzTarPerm extractEntry deps/pthreads-win32/manual/pthread_rwlock_init.html
452 silly gunzTarPerm extractEntry deps/pthreads-win32/manual/pthread_create.html
453 silly gunzTarPerm extractEntry deps/pthreads-win32/manual/index.html
454 silly gunzTarPerm extractEntry deps/pthreads-win32/manual/pthread_setconcurrency.html
455 silly gunzTarPerm extractEntry deps/pthreads-win32/manual/pthread_rwlock_unlock.html
456 silly gunzTarPerm extractEntry deps/pthreads-win32/manual/pthread_equal.html
457 silly gunzTarPerm extractEntry deps/pthreads-win32/manual/pthread_spin_unlock.html
458 silly gunzTarPerm extractEntry deps/pthreads-win32/manual/pthread_cancel.html
459 silly gunzTarPerm extractEntry deps/pthreads-win32/manual/pthread_rwlock_timedrdlock.html
460 silly gunzTarPerm extractEntry deps/pthreads-win32/manual/pthread_rwlockattr_init.html
461 silly gunzTarPerm extractEntry deps/pthreads-win32/manual/pthread_cond_init.html
462 silly gunzTarPerm extractEntry deps/pthreads-win32/manual/sched_getscheduler.html
463 silly gunzTarPerm extractEntry deps/pthreads-win32/manual/pthread_setcancelstate.html
464 silly gunzTarPerm extractEntry deps/pthreads-win32/manual/pthreadCancelableWait.html
465 silly gunzTarPerm extractEntry deps/pthreads-win32/manual/pthread_attr_setstackaddr.html
466 silly gunzTarPerm extractEntry deps/pthreads-win32/manual/pthread_once.html
467 silly gunzTarPerm extractEntry deps/pthreads-win32/manual/pthread_barrier_wait.html
468 silly gunzTarPerm extractEntry deps/pthreads-win32/manual/pthread_spin_init.html
469 silly gunzTarPerm extractEntry deps/pthreads-win32/manual/pthread_spin_lock.html
470 silly gunzTarPerm extractEntry deps/pthreads-win32/manual/pthread_getw32threadhandle_np.html
471 silly gunzTarPerm extractEntry deps/pthreads-win32/manual/pthread_exit.html
472 silly gunzTarPerm extractEntry deps/pthreads-win32/manual/PortabilityIssues.html
473 silly gunzTarPerm extractEntry deps/pthreads-win32/manual/pthread_rwlockattr_setpshared.html
474 silly gunzTarPerm extractEntry deps/pthreads-win32/manual/pthread_barrierattr_init.html
475 silly gunzTarPerm extractEntry deps/pthreads-win32/manual/pthread_condattr_init.html
476 silly gunzTarPerm extractEntry deps/pthreads-win32/manual/pthread_self.html
477 silly gunzTarPerm extractEntry deps/pthreads-win32/manual/pthread_setschedparam.html
478 silly gunzTarPerm extractEntry deps/pthreads-win32/manual/pthread_barrier_init.html
479 silly gunzTarPerm extractEntry deps/pthreads-win32/manual/pthread_mutexattr_init.html
480 silly gunzTarPerm extractEntry deps/pthreads-win32/manual/pthread_rwlock_wrlock.html
481 silly gunzTarPerm extractEntry deps/pthreads-win32/manual/pthread_cleanup_push.html
482 silly gunzTarPerm extractEntry deps/pthreads-win32/manual/pthread_rwlock_rdlock.html
483 silly gunzTarPerm extractEntry deps/pthreads-win32/manual/pthread_num_processors_np.html
484 silly gunzTarPerm extractEntry deps/pthreads-win32/manual/pthread_rwlock_timedwrlock.html
485 silly gunzTarPerm extractEntry deps/pthreads-win32/manual/pthread_key_create.html
486 silly gunzTarPerm extractEntry deps/pthreads-win32/manual/pthread_attr_setstacksize.html
487 silly gunzTarPerm extractEntry deps/pthreads-win32/manual/pthread_win32_attach_detach_np.html
488 silly gunzTarPerm extractEntry deps/pthreads-win32/manual/pthread_detach.html
489 silly gunzTarPerm extractEntry deps/pthreads-win32/manual/pthread_attr_init.html
490 silly gunzTarPerm extractEntry deps/pthreads-win32/manual/sched_yield.html
491 silly gunzTarPerm extractEntry deps/pthreads-win32/manual/pthread_barrierattr_setpshared.html
492 silly gunzTarPerm extractEntry deps/pthreads-win32/manual/pthread_delay_np.html
493 silly gunzTarPerm extractEntry deps/pthreads-win32/manual/pthread_join.html
494 silly gunzTarPerm extractEntry deps/pthreads-win32/manual/pthread_win32_test_features_np.html
495 silly gunzTarPerm extractEntry deps/pthreads-win32/manual/pthread_mutexattr_setpshared.html
496 silly gunzTarPerm extractEntry deps/pthreads-win32/manual/pthread_setcanceltype.html
497 silly gunzTarPerm extractEntry deps/pthreads-win32/ptw32_mutex_check_need_init.c
498 silly gunzTarPerm extractEntry deps/pthreads-win32/sem_trywait.c
499 silly gunzTarPerm extractEntry deps/pthreads-win32/pthread_rwlockattr_init.c
500 silly gunzTarPerm extractEntry deps/pthreads-win32/pthread_attr_setschedpolicy.c
501 silly gunzTarPerm extractEntry deps/pthreads-win32/pthread_rwlock_unlock.c
502 silly gunzTarPerm extractEntry deps/pthreads-win32/pthread_rwlock_wrlock.c
503 silly gunzTarPerm extractEntry deps/pthreads-win32/BUGS
504 silly gunzTarPerm extractEntry deps/pthreads-win32/pthread_condattr_destroy.c
505 silly gunzTarPerm extractEntry deps/pthreads-win32/pthread_rwlock_tryrdlock.c
506 silly gunzTarPerm extractEntry deps/pthreads-win32/GNUmakefile
507 silly gunzTarPerm extractEntry deps/pthreads-win32/private.c
508 silly gunzTarPerm extractEntry deps/libffi/.npmignore
509 silly gunzTarPerm extractEntry deps/libffi/README
510 silly gunzTarPerm extractEntry deps/libffi/LICENSE
511 silly gunzTarPerm extractEntry deps/libffi/configure
512 silly gunzTarPerm extractEntry deps/libffi/libffi.xcodeproj/project.pbxproj
513 silly gunzTarPerm extractEntry deps/libffi/fficonfig.h.in
514 silly gunzTarPerm extractEntry deps/libffi/configure.ac
515 silly gunzTarPerm extractEntry deps/libffi/texinfo.tex
516 silly gunzTarPerm extractEntry deps/libffi/msvcc.sh
517 silly gunzTarPerm extractEntry deps/libffi/install-sh
518 silly gunzTarPerm extractEntry deps/libffi/depcomp
519 silly gunzTarPerm extractEntry deps/libffi/ChangeLog.libgcj
520 silly gunzTarPerm extractEntry deps/libffi/ChangeLog
521 silly gunzTarPerm extractEntry deps/libffi/acinclude.m4
522 silly gunzTarPerm extractEntry deps/libffi/Makefile.in
523 silly gunzTarPerm extractEntry deps/libffi/mdate-sh
524 silly gunzTarPerm extractEntry deps/libffi/ChangeLog.v1
525 silly gunzTarPerm extractEntry deps/libffi/compile
526 silly gunzTarPerm extractEntry deps/libffi/src/sparc/ffi.c
527 silly gunzTarPerm extractEntry deps/libffi/src/sparc/v9.S
528 silly gunzTarPerm extractEntry deps/libffi/src/sparc/ffitarget.h
529 silly gunzTarPerm extractEntry deps/libffi/src/sparc/v8.S
530 silly gunzTarPerm extractEntry deps/libffi/src/dlmalloc.c
531 silly gunzTarPerm extractEntry deps/libffi/src/moxie/ffi.c
532 silly gunzTarPerm extractEntry deps/libffi/src/moxie/eabi.S
533 silly gunzTarPerm extractEntry deps/libffi/src/types.c
534 silly gunzTarPerm extractEntry deps/libffi/src/m68k/ffi.c
535 silly gunzTarPerm extractEntry deps/libffi/src/m68k/ffitarget.h
536 silly gunzTarPerm extractEntry deps/libffi/src/m68k/sysv.S
537 silly gunzTarPerm extractEntry deps/libffi/src/closures.c
538 silly gunzTarPerm extractEntry deps/libffi/src/x86/ffi64.c
539 silly gunzTarPerm extractEntry deps/libffi/src/x86/ffi.c
540 silly gunzTarPerm extractEntry deps/libffi/src/x86/win32.S
541 silly gunzTarPerm extractEntry deps/libffi/src/x86/darwin64.S
542 silly gunzTarPerm extractEntry deps/libffi/src/x86/win64.S
543 silly gunzTarPerm extractEntry deps/libffi/src/x86/ffitarget.h
544 silly gunzTarPerm extractEntry deps/libffi/src/x86/darwin.S
545 silly gunzTarPerm extractEntry deps/libffi/src/x86/freebsd.S
546 silly gunzTarPerm extractEntry deps/libffi/src/x86/sysv.S
547 silly gunzTarPerm extractEntry deps/libffi/src/x86/unix64.S
548 silly gunzTarPerm extractEntry deps/libffi/src/powerpc/ppc_closure.S
549 silly gunzTarPerm extractEntry deps/libffi/src/powerpc/linux64_closure.S
550 silly gunzTarPerm extractEntry deps/libffi/src/powerpc/ffi.c
551 silly gunzTarPerm extractEntry deps/libffi/src/powerpc/aix_closure.S
552 silly gunzTarPerm extractEntry deps/libffi/src/powerpc/ffi_darwin.c
553 silly gunzTarPerm extractEntry deps/libffi/src/powerpc/aix.S
554 silly gunzTarPerm extractEntry deps/libffi/src/powerpc/linux64.S
555 silly gunzTarPerm extractEntry deps/libffi/src/powerpc/darwin_closure.S
556 silly gunzTarPerm extractEntry deps/libffi/src/powerpc/ffitarget.h
557 silly gunzTarPerm extractEntry deps/libffi/src/powerpc/darwin.S
558 silly gunzTarPerm extractEntry deps/libffi/src/powerpc/asm.h
559 silly gunzTarPerm extractEntry deps/libffi/src/powerpc/sysv.S
560 silly gunzTarPerm extractEntry deps/libffi/src/java_raw_api.c
561 silly gunzTarPerm extractEntry deps/libffi/src/m32r/ffi.c
562 silly gunzTarPerm extractEntry deps/libffi/src/m32r/ffitarget.h
563 silly gunzTarPerm extractEntry deps/libffi/src/m32r/sysv.S
564 silly gunzTarPerm extractEntry deps/libffi/src/sh/ffi.c
565 silly gunzTarPerm extractEntry deps/libffi/src/sh/ffitarget.h
566 silly gunzTarPerm extractEntry deps/libffi/src/sh/sysv.S
567 silly gunzTarPerm extractEntry deps/libffi/src/prep_cif.c
568 silly gunzTarPerm extractEntry deps/libffi/src/s390/ffi.c
569 silly gunzTarPerm extractEntry deps/libffi/src/s390/ffitarget.h
570 silly gunzTarPerm extractEntry deps/libffi/src/s390/sysv.S
571 silly gunzTarPerm extractEntry deps/libffi/src/raw_api.c
572 silly gunzTarPerm extractEntry deps/libffi/src/pa/ffi.c
573 silly gunzTarPerm extractEntry deps/libffi/src/pa/hpux32.S
574 silly gunzTarPerm extractEntry deps/libffi/src/pa/linux.S
575 silly gunzTarPerm extractEntry deps/libffi/src/pa/ffitarget.h
576 silly gunzTarPerm extractEntry deps/libffi/src/ia64/ia64_flags.h
577 silly gunzTarPerm extractEntry deps/libffi/src/ia64/ffi.c
578 silly gunzTarPerm extractEntry deps/libffi/src/ia64/unix.S
579 silly gunzTarPerm extractEntry deps/libffi/src/ia64/ffitarget.h
580 silly gunzTarPerm extractEntry deps/libffi/src/arm/gentramp.sh
581 silly gunzTarPerm extractEntry deps/libffi/src/arm/trampoline.S
582 silly gunzTarPerm extractEntry deps/libffi/src/arm/ffi.c
583 silly gunzTarPerm extractEntry deps/libffi/src/arm/ffitarget.h
584 silly gunzTarPerm extractEntry deps/libffi/src/arm/sysv.S
585 silly gunzTarPerm extractEntry deps/libffi/src/debug.c
586 silly gunzTarPerm extractEntry deps/libffi/src/alpha/osf.S
587 silly gunzTarPerm extractEntry deps/libffi/src/alpha/ffi.c
588 silly gunzTarPerm extractEntry deps/libffi/src/alpha/ffitarget.h
589 silly gunzTarPerm extractEntry deps/libffi/src/avr32/ffi.c
590 silly gunzTarPerm extractEntry deps/libffi/src/avr32/ffitarget.h
591 silly gunzTarPerm extractEntry deps/libffi/src/avr32/sysv.S
592 silly gunzTarPerm extractEntry deps/libffi/src/mips/o32.S
593 silly gunzTarPerm extractEntry deps/libffi/src/mips/ffi.c
594 silly gunzTarPerm extractEntry deps/libffi/src/mips/n32.S
595 silly gunzTarPerm extractEntry deps/libffi/src/mips/ffitarget.h
596 silly gunzTarPerm extractEntry deps/libffi/src/sh64/ffi.c
597 silly gunzTarPerm extractEntry deps/libffi/src/sh64/ffitarget.h
598 silly gunzTarPerm extractEntry deps/libffi/src/sh64/sysv.S
599 silly gunzTarPerm extractEntry deps/libffi/src/frv/ffi.c
600 silly gunzTarPerm extractEntry deps/libffi/src/frv/ffitarget.h
601 silly gunzTarPerm extractEntry deps/libffi/src/frv/eabi.S
602 silly gunzTarPerm extractEntry deps/libffi/src/cris/ffi.c
603 silly gunzTarPerm extractEntry deps/libffi/src/cris/ffitarget.h
604 silly gunzTarPerm extractEntry deps/libffi/src/cris/sysv.S
605 silly gunzTarPerm extractEntry deps/libffi/man/ffi.3
606 silly gunzTarPerm extractEntry deps/libffi/man/ffi_prep_cif.3
607 silly gunzTarPerm extractEntry deps/libffi/man/ffi_call.3
608 silly gunzTarPerm extractEntry deps/libffi/man/Makefile.in
609 silly gunzTarPerm extractEntry deps/libffi/man/ffi_prep_cif_var.3
610 silly gunzTarPerm extractEntry deps/libffi/man/Makefile.am
611 silly gunzTarPerm extractEntry deps/libffi/generate-osx-source-and-headers.py
612 silly gunzTarPerm extractEntry deps/libffi/ChangeLog.libffi
613 silly gunzTarPerm extractEntry deps/libffi/config.sub
614 silly gunzTarPerm extractEntry deps/libffi/libffi.pc.in
615 silly gunzTarPerm extractEntry deps/libffi/m4/ax_enable_builddir.m4
616 silly gunzTarPerm extractEntry deps/libffi/m4/ltoptions.m4
617 silly gunzTarPerm extractEntry deps/libffi/m4/asmcfi.m4
618 silly gunzTarPerm extractEntry deps/libffi/m4/lt~obsolete.m4
619 silly gunzTarPerm extractEntry deps/libffi/m4/libtool.m4
620 silly gunzTarPerm extractEntry deps/libffi/m4/ax_cflags_warn_all.m4
621 silly gunzTarPerm extractEntry deps/libffi/m4/ax_gcc_archflag.m4
622 silly gunzTarPerm extractEntry deps/libffi/m4/ltsugar.m4
623 silly gunzTarPerm extractEntry deps/libffi/m4/ax_cc_maxopt.m4
624 silly gunzTarPerm extractEntry deps/libffi/m4/ax_compiler_vendor.m4
625 silly gunzTarPerm extractEntry deps/libffi/m4/ax_configure_args.m4
626 silly gunzTarPerm extractEntry deps/libffi/m4/ltversion.m4
627 silly gunzTarPerm extractEntry deps/libffi/m4/ax_gcc_x86_cpuid.m4
628 silly gunzTarPerm extractEntry deps/libffi/Makefile.am
629 silly gunzTarPerm extractEntry deps/libffi/aclocal.m4
630 silly gunzTarPerm extractEntry deps/libffi/ltmain.sh
631 silly gunzTarPerm extractEntry deps/libffi/config.guess
632 silly gunzTarPerm extractEntry deps/libffi/include/Makefile.in
633 silly gunzTarPerm extractEntry deps/libffi/include/ffi_common.h
634 silly gunzTarPerm extractEntry deps/libffi/include/Makefile.am
635 silly gunzTarPerm extractEntry deps/libffi/include/ffi.h.in
636 silly gunzTarPerm extractEntry deps/libffi/generate-ios-source-and-headers.py
637 silly gunzTarPerm extractEntry deps/libffi/testsuite/lib/target-libpath.exp
638 silly gunzTarPerm extractEntry deps/libffi/testsuite/lib/libffi.exp
639 silly gunzTarPerm extractEntry deps/libffi/testsuite/lib/wrapper.exp
640 silly gunzTarPerm extractEntry deps/libffi/testsuite/Makefile.in
641 silly gunzTarPerm extractEntry deps/libffi/testsuite/libffi.call/return_dbl2.c
642 silly gunzTarPerm extractEntry deps/libffi/testsuite/libffi.call/return_fl3.c
643 silly gunzTarPerm extractEntry deps/libffi/testsuite/libffi.call/many_win32.c
644 silly gunzTarPerm extractEntry deps/libffi/testsuite/libffi.call/problem1.c
645 silly gunzTarPerm extractEntry deps/libffi/testsuite/libffi.call/struct7.c
646 silly gunzTarPerm extractEntry deps/libffi/testsuite/libffi.call/call.exp
647 silly gunzTarPerm extractEntry deps/libffi/testsuite/libffi.call/return_dbl.c
648 silly gunzTarPerm extractEntry deps/libffi/testsuite/libffi.call/nested_struct3.c
649 silly gunzTarPerm extractEntry deps/libffi/testsuite/libffi.call/cls_multi_ushort.c
650 silly gunzTarPerm extractEntry deps/libffi/testsuite/libffi.call/cls_double.c
651 silly gunzTarPerm extractEntry deps/libffi/testsuite/libffi.call/return_fl1.c
652 silly gunzTarPerm extractEntry deps/libffi/testsuite/libffi.call/cls_2byte.c
653 silly gunzTarPerm extractEntry deps/libffi/testsuite/libffi.call/cls_multi_uchar.c
654 silly gunzTarPerm extractEntry deps/libffi/testsuite/libffi.call/closure_fn0.c
655 silly gunzTarPerm extractEntry deps/libffi/testsuite/libffi.call/closure_fn1.c
656 silly gunzTarPerm extractEntry deps/libffi/testsuite/libffi.call/strlen_win32.c
657 silly gunzTarPerm extractEntry deps/libffi/testsuite/libffi.call/cls_multi_schar.c
658 silly gunzTarPerm extractEntry deps/libffi/testsuite/libffi.call/closure_loc_fn0.c
659 silly gunzTarPerm extractEntry deps/libffi/testsuite/libffi.call/struct6.c
660 silly gunzTarPerm extractEntry deps/libffi/testsuite/libffi.call/float_va.c
661 silly gunzTarPerm extractEntry deps/libffi/testsuite/libffi.call/cls_align_sint32.c
662 silly gunzTarPerm extractEntry deps/libffi/testsuite/libffi.call/cls_align_sint16.c
663 silly gunzTarPerm extractEntry deps/libffi/testsuite/libffi.call/a.out
664 silly gunzTarPerm extractEntry deps/libffi/testsuite/libffi.call/return_ldl.c
665 silly gunzTarPerm extractEntry deps/libffi/testsuite/libffi.call/negint.c
666 silly gunzTarPerm extractEntry deps/libffi/testsuite/libffi.call/cls_8byte.c
667 silly gunzTarPerm extractEntry deps/libffi/testsuite/libffi.call/cls_pointer.c
668 silly gunzTarPerm extractEntry deps/libffi/testsuite/libffi.call/cls_3byte2.c
669 silly gunzTarPerm extractEntry deps/libffi/testsuite/libffi.call/cls_12byte.c
670 silly gunzTarPerm extractEntry deps/libffi/testsuite/libffi.call/struct9.c
671 silly gunzTarPerm extractEntry deps/libffi/testsuite/libffi.call/cls_align_longdouble.c
672 silly gunzTarPerm extractEntry deps/libffi/testsuite/libffi.call/cls_24byte.c
673 silly gunzTarPerm extractEntry deps/libffi/testsuite/libffi.call/cls_align_double.c
674 silly gunzTarPerm extractEntry deps/libffi/testsuite/libffi.call/float1.c
675 silly gunzTarPerm extractEntry deps/libffi/testsuite/libffi.call/struct5.c
676 silly gunzTarPerm extractEntry deps/libffi/testsuite/libffi.call/nested_struct4.c
677 silly gunzTarPerm extractEntry deps/libffi/testsuite/libffi.call/float2.c
678 silly gunzTarPerm extractEntry deps/libffi/testsuite/libffi.call/struct3.c
679 silly gunzTarPerm extractEntry deps/libffi/testsuite/libffi.call/cls_sshort.c
680 silly gunzTarPerm extractEntry deps/libffi/testsuite/libffi.call/strlen.c
681 silly gunzTarPerm extractEntry deps/libffi/testsuite/libffi.call/cls_9byte1.c
682 silly gunzTarPerm extractEntry deps/libffi/testsuite/libffi.call/nested_struct8.c
683 silly gunzTarPerm extractEntry deps/libffi/testsuite/libffi.call/cls_19byte.c
684 silly gunzTarPerm extractEntry deps/libffi/testsuite/libffi.call/cls_3_1byte.c
685 silly gunzTarPerm extractEntry deps/libffi/testsuite/libffi.call/nested_struct6.c
686 silly gunzTarPerm extractEntry deps/libffi/testsuite/libffi.call/cls_4_1byte.c
687 silly gunzTarPerm extractEntry deps/libffi/testsuite/libffi.call/strlen2_win32.c
688 silly gunzTarPerm extractEntry deps/libffi/testsuite/libffi.call/ffitest.h
689 silly gunzTarPerm extractEntry deps/libffi/testsuite/libffi.call/cls_pointer_stack.c
690 silly gunzTarPerm extractEntry deps/libffi/testsuite/libffi.call/cls_align_float.c
691 silly gunzTarPerm extractEntry deps/libffi/testsuite/libffi.call/cls_uint.c
692 silly gunzTarPerm extractEntry deps/libffi/testsuite/libffi.call/cls_align_longdouble_split2.c
693 silly gunzTarPerm extractEntry deps/libffi/testsuite/libffi.call/cls_longdouble_va.c
694 silly gunzTarPerm extractEntry deps/libffi/testsuite/libffi.call/testclosure.c
695 silly gunzTarPerm extractEntry deps/libffi/testsuite/libffi.call/cls_ushort.c
696 silly gunzTarPerm extractEntry deps/libffi/testsuite/libffi.call/return_fl.c
697 silly gunzTarPerm extractEntry deps/libffi/testsuite/libffi.call/cls_align_uint32.c
698 silly gunzTarPerm extractEntry deps/libffi/testsuite/libffi.call/struct4.c
699 silly gunzTarPerm extractEntry deps/libffi/testsuite/libffi.call/nested_struct9.c
700 silly gunzTarPerm extractEntry deps/libffi/testsuite/libffi.call/cls_float.c
701 silly gunzTarPerm extractEntry deps/libffi/testsuite/libffi.call/nested_struct1.c
702 silly gunzTarPerm extractEntry deps/libffi/testsuite/libffi.call/closure_fn5.c
703 silly gunzTarPerm extractEntry deps/libffi/testsuite/libffi.call/fastthis1_win32.c
704 silly gunzTarPerm extractEntry deps/libffi/testsuite/libffi.call/cls_5_1_byte.c
705 silly gunzTarPerm extractEntry deps/libffi/testsuite/libffi.call/struct1_win32.c
706 silly gunzTarPerm extractEntry deps/libffi/testsuite/libffi.call/cls_align_uint16.c
707 silly gunzTarPerm extractEntry deps/libffi/testsuite/libffi.call/cls_schar.c
708 silly gunzTarPerm extractEntry deps/libffi/testsuite/libffi.call/err_bad_typedef.c
709 silly gunzTarPerm extractEntry deps/libffi/testsuite/libffi.call/cls_align_pointer.c
710 silly gunzTarPerm extractEntry deps/libffi/testsuite/libffi.call/cls_multi_sshort.c
711 silly gunzTarPerm extractEntry deps/libffi/testsuite/libffi.call/nested_struct7.c
712 silly gunzTarPerm extractEntry deps/libffi/testsuite/libffi.call/cls_align_uint64.c
713 silly gunzTarPerm extractEntry deps/libffi/testsuite/libffi.call/stret_medium.c
714 silly gunzTarPerm extractEntry deps/libffi/testsuite/libffi.call/return_sl.c
715 silly gunzTarPerm extractEntry deps/libffi/testsuite/libffi.call/struct1.c
716 silly gunzTarPerm extractEntry deps/libffi/testsuite/libffi.call/nested_struct5.c
717 silly gunzTarPerm extractEntry deps/libffi/testsuite/libffi.call/return_fl2.c
718 silly gunzTarPerm extractEntry deps/libffi/testsuite/libffi.call/closure_fn3.c
719 silly gunzTarPerm extractEntry deps/libffi/testsuite/libffi.call/stret_large.c
720 silly gunzTarPerm extractEntry deps/libffi/testsuite/libffi.call/closure_thiscall.c
721 silly gunzTarPerm extractEntry deps/libffi/testsuite/libffi.call/cls_sint.c
722 silly gunzTarPerm extractEntry deps/libffi/testsuite/libffi.call/cls_18byte.c
723 silly gunzTarPerm extractEntry deps/libffi/testsuite/libffi.call/cls_align_longdouble_split.c
724 silly gunzTarPerm extractEntry deps/libffi/testsuite/libffi.call/stret_medium2.c
725 silly gunzTarPerm extractEntry deps/libffi/testsuite/libffi.call/many.c
726 silly gunzTarPerm extractEntry deps/libffi/testsuite/libffi.call/struct2_win32.c
727 silly gunzTarPerm extractEntry deps/libffi/testsuite/libffi.call/cls_20byte.c
728 silly gunzTarPerm extractEntry deps/libffi/testsuite/libffi.call/cls_6byte.c
729 silly gunzTarPerm extractEntry deps/libffi/testsuite/libffi.call/cls_multi_ushortchar.c
730 silly gunzTarPerm extractEntry deps/libffi/testsuite/libffi.call/fastthis3_win32.c
731 silly gunzTarPerm extractEntry deps/libffi/testsuite/libffi.call/cls_9byte2.c
732 silly gunzTarPerm extractEntry deps/libffi/testsuite/libffi.call/closure_fn2.c
733 silly gunzTarPerm extractEntry deps/libffi/testsuite/libffi.call/many2_win32.c
734 silly gunzTarPerm extractEntry deps/libffi/testsuite/libffi.call/closure_fn4.c
735 silly gunzTarPerm extractEntry deps/libffi/testsuite/libffi.call/cls_uchar.c
736 silly gunzTarPerm extractEntry deps/libffi/testsuite/libffi.call/promotion.c
737 silly gunzTarPerm extractEntry deps/libffi/testsuite/libffi.call/closure_stdcall.c
738 silly gunzTarPerm extractEntry deps/libffi/testsuite/libffi.call/return_ll.c
739 silly gunzTarPerm extractEntry deps/libffi/testsuite/libffi.call/cls_16byte.c
740 silly gunzTarPerm extractEntry deps/libffi/testsuite/libffi.call/cls_longdouble.c
741 silly gunzTarPerm extractEntry deps/libffi/testsuite/libffi.call/cls_3byte1.c
742 silly gunzTarPerm extractEntry deps/libffi/testsuite/libffi.call/nested_struct.c
743 silly gunzTarPerm extractEntry deps/libffi/testsuite/libffi.call/struct8.c
744 silly gunzTarPerm extractEntry deps/libffi/testsuite/libffi.call/cls_4byte.c
745 silly gunzTarPerm extractEntry deps/libffi/testsuite/libffi.call/cls_64byte.c
746 silly gunzTarPerm extractEntry deps/libffi/testsuite/libffi.call/struct2.c
747 silly gunzTarPerm extractEntry deps/libffi/testsuite/libffi.call/float.c
748 silly gunzTarPerm extractEntry deps/libffi/testsuite/libffi.call/return_sc.c
749 silly gunzTarPerm extractEntry deps/libffi/testsuite/libffi.call/return_uc.c
750 silly gunzTarPerm extractEntry deps/libffi/testsuite/libffi.call/cls_multi_sshortchar.c
751 silly gunzTarPerm extractEntry deps/libffi/testsuite/libffi.call/cls_6_1_byte.c
752 silly gunzTarPerm extractEntry deps/libffi/testsuite/libffi.call/fastthis2_win32.c
753 silly gunzTarPerm extractEntry deps/libffi/testsuite/libffi.call/stret_large2.c
754 silly gunzTarPerm extractEntry deps/libffi/testsuite/libffi.call/float3.c
755 silly gunzTarPerm extractEntry deps/libffi/testsuite/libffi.call/cls_double_va.c
756 silly gunzTarPerm extractEntry deps/libffi/testsuite/libffi.call/cls_align_sint64.c
757 silly gunzTarPerm extractEntry deps/libffi/testsuite/libffi.call/closure_fn6.c
758 silly gunzTarPerm extractEntry deps/libffi/testsuite/libffi.call/return_dbl1.c
759 silly gunzTarPerm extractEntry deps/libffi/testsuite/libffi.call/cls_7_1_byte.c
760 silly gunzTarPerm extractEntry deps/libffi/testsuite/libffi.call/cls_20byte1.c
761 silly gunzTarPerm extractEntry deps/libffi/testsuite/libffi.call/cls_ulonglong.c
762 silly gunzTarPerm extractEntry deps/libffi/testsuite/libffi.call/nested_struct10.c
763 silly gunzTarPerm extractEntry deps/libffi/testsuite/libffi.call/cls_1_1byte.c
764 silly gunzTarPerm extractEntry deps/libffi/testsuite/libffi.call/huge_struct.c
765 silly gunzTarPerm extractEntry deps/libffi/testsuite/libffi.call/return_ll1.c
766 silly gunzTarPerm extractEntry deps/libffi/testsuite/libffi.call/cls_7byte.c
767 silly gunzTarPerm extractEntry deps/libffi/testsuite/libffi.call/many2.c
768 silly gunzTarPerm extractEntry deps/libffi/testsuite/libffi.call/err_bad_abi.c
769 silly gunzTarPerm extractEntry deps/libffi/testsuite/libffi.call/nested_struct2.c
770 silly gunzTarPerm extractEntry deps/libffi/testsuite/libffi.call/float4.c
771 silly gunzTarPerm extractEntry deps/libffi/testsuite/libffi.call/cls_dbls_struct.c
772 silly gunzTarPerm extractEntry deps/libffi/testsuite/libffi.call/return_ul.c
773 silly gunzTarPerm extractEntry deps/libffi/testsuite/libffi.call/cls_5byte.c
774 silly gunzTarPerm extractEntry deps/libffi/testsuite/libffi.call/pyobjc-tc.c
775 silly gunzTarPerm extractEntry deps/libffi/testsuite/config/default.exp
776 silly gunzTarPerm extractEntry deps/libffi/testsuite/Makefile.am
777 silly gunzTarPerm extractEntry deps/libffi/testsuite/libffi.special/unwindtest_ffi_call.cc
778 silly gunzTarPerm extractEntry deps/libffi/testsuite/libffi.special/ffitestcxx.h
779 silly gunzTarPerm extractEntry deps/libffi/testsuite/libffi.special/special.exp
780 silly gunzTarPerm extractEntry deps/libffi/testsuite/libffi.special/unwindtest.cc
781 silly gunzTarPerm extractEntry deps/libffi/doc/version.texi
782 silly gunzTarPerm extractEntry deps/libffi/doc/libffi.info
783 silly gunzTarPerm extractEntry deps/libffi/doc/libffi.texi
784 silly gunzTarPerm extractEntry deps/libffi/doc/stamp-vti
785 silly gunzTarPerm extractEntry deps/libffi/missing
786 silly gunzTarPerm extractEntry deps/libffi/configure.host
787 silly gunzTarPerm extractEntry deps/libffi/libtool-version
788 silly gunzTarPerm extractEntry doc/benchmark.js
789 silly gunzTarPerm extractEntry doc/benchmark.txt
790 silly gunzTarPerm extractEntry .travis.yml
791 silly gunzTarPerm extractEntry libffi-build.sh
792 verbose read json /home/paul/Dev/scopehacks/node_modules/node-ffi/package.json
793 silly lockFile 6f4a1bde-scopehacks-node-modules-node-ffi /home/paul/Dev/scopehacks/node_modules/node-ffi
794 info preinstall node-ffi@0.5.5
795 verbose from cache /home/paul/Dev/scopehacks/node_modules/node-ffi/package.json
796 verbose readDependencies using package.json deps
797 verbose from cache /home/paul/Dev/scopehacks/node_modules/node-ffi/package.json
798 verbose readDependencies using package.json deps
799 verbose cache add [ 'bindings@*', null ]
800 silly cache add name=undefined spec="bindings@*" args=["bindings@*",null]
801 verbose parsed url { pathname: 'bindings@*',
801 verbose parsed url   path: 'bindings@*',
801 verbose parsed url   href: 'bindings@*' }
802 silly cache add name="bindings" spec="*" args=["bindings","*"]
803 verbose parsed url { pathname: '*', path: '*', href: '*' }
804 verbose addNamed [ 'bindings', '*' ]
805 verbose addNamed [ null, '' ]
806 silly lockFile a3858fc2-bindings bindings@*
807 verbose lock bindings@* /home/paul/.npm/a3858fc2-bindings.lock
808 silly addNameRange { name: 'bindings', range: '', hasData: false }
809 verbose url raw bindings
810 verbose url resolving [ 'https://registry.npmjs.org/', './bindings' ]
811 verbose url resolved https://registry.npmjs.org/bindings
812 info trying registry request attempt 1 at 15:31:28
813 verbose etag "6EP3WH7QRRUQYN4C2DI090LM0"
814 http GET https://registry.npmjs.org/bindings
815 http 304 https://registry.npmjs.org/bindings
816 silly registry.get cb [ 304,
816 silly registry.get   { server: 'CouchDB/1.2.0 (Erlang OTP/R15B)',
816 silly registry.get     etag: '"6EP3WH7QRRUQYN4C2DI090LM0"',
816 silly registry.get     date: 'Tue, 25 Sep 2012 19:31:29 GMT',
816 silly registry.get     'content-length': '0' } ]
817 verbose etag bindings from cache
818 silly addNameRange number 2 { name: 'bindings', range: '', hasData: true }
819 silly addNameRange versions [ 'bindings',
819 silly addNameRange   [ '0.0.1',
819 silly addNameRange     '0.1.0',
819 silly addNameRange     '0.1.1',
819 silly addNameRange     '0.2.0',
819 silly addNameRange     '0.2.1',
819 silly addNameRange     '0.2.2',
819 silly addNameRange     '0.2.3',
819 silly addNameRange     '0.2.4',
819 silly addNameRange     '0.3.0',
819 silly addNameRange     '0.4.0',
819 silly addNameRange     '1.0.0' ] ]
820 verbose addNamed [ 'bindings', '1.0.0' ]
821 verbose addNamed [ '1.0.0', '1.0.0' ]
822 silly lockFile f01e5454-bindings-1-0-0 bindings@1.0.0
823 verbose lock bindings@1.0.0 /home/paul/.npm/f01e5454-bindings-1-0-0.lock
824 verbose read json /home/paul/.npm/bindings/1.0.0/package/package.json
825 silly lockFile f01e5454-bindings-1-0-0 bindings@1.0.0
826 silly lockFile a3858fc2-bindings bindings@*
827 silly resolved [ { name: 'bindings',
827 silly resolved     description: 'Helper module for loading your native module\'s .node file',
827 silly resolved     keywords: [ 'native', 'addon', 'bindings', 'gyp', 'waf', 'c', 'c++' ],
827 silly resolved     version: '1.0.0',
827 silly resolved     author:
827 silly resolved      { name: 'Nathan Rajlich',
827 silly resolved        email: 'nathan@tootallnate.net',
827 silly resolved        url: 'http://tootallnate.net' },
827 silly resolved     repository:
827 silly resolved      { type: 'git',
827 silly resolved        url: 'git://github.com/TooTallNate/node-bindings.git' },
827 silly resolved     main: './bindings.js',
827 silly resolved     readme: 'node-bindings\n=============\n### Helper module for loading your native module\'s .node file\n\nThis is a helper module for authors of Node.js native addon modules.\nIt is basically the "swiss army knife" of `require()`ing your native module\'s\n`.node` file.\n\nThroughout the course of Node\'s native addon history, addons have ended up being\ncompiled in a variety of different places, depending on which build tool and which\nversion of node was used. To make matters worse, now the _gyp_ build tool can\nproduce either a _Release_ or _Debug_ build, each being built into different\nlocations.\n\nThis module checks _all_ the possible locations that a native addon would be built\nat, and returns the first one that loads successfully.\n\n\nInstallation\n------------\n\nInstall with `npm`:\n\n``` bash\n$ npm install bindings\n```\n\nOr add it to the `"dependencies"` section of your _package.json_ file.\n\n\nExample\n-------\n\n`require()`ing the proper bindings file for the current node version, platform\nand architecture is as simple as:\n\n``` js\nvar bindings = require(\'bindings\')(\'binding.node\')\n\n// Use your bindings defined in your C files\nbindings.your_c_function()\n```\n\n\nNice Error Output\n-----------------\n\nWhen the `.node` file could not be loaded, `node-bindings` throws an Error with\na nice error message telling you exactly what was tried. You can also check the\n`err.tries` Array property.\n\n```\nError: Could not load the bindings file. Tried:\n  /Users/nrajlich/ref/build/binding.node\n  /Users/nrajlich/ref/build/Debug/binding.node\n  /Users/nrajlich/ref/build/Release/binding.node\n  /Users/nrajlich/ref/out/Debug/binding.node\n  /Users/nrajlich/ref/Debug/binding.node\n  /Users/nrajlich/ref/out/Release/binding.node\n  /Users/nrajlich/ref/Release/binding.node\n  /Users/nrajlich/ref/build/default/binding.node\n  /Users/nrajlich/ref/compiled/0.8.2/darwin/x64/binding.node\n    at bindings (/Users/nrajlich/ref/node_modules/bindings/bindings.js:84:13)\n    at Object.<anonymous> (/Users/nrajlich/ref/lib/ref.js:5:47)\n    at Module._compile (module.js:449:26)\n    at Object.Module._extensions..js (module.js:467:10)\n    at Module.load (module.js:356:32)\n    at Function.Module._load (module.js:312:12)\n    ...\n```\n\n\nLicense\n-------\n\n(The MIT License)\n\nCopyright (c) 2012 Nathan Rajlich &lt;nathan@tootallnate.net&gt;\n\nPermission is hereby granted, free of charge, to any person obtaining\na copy of this software and associated documentation files (the\n\'Software\'), to deal in the Software without restriction, including\nwithout limitation the rights to use, copy, modify, merge, publish,\ndistribute, sublicense, and/or sell copies of the Software, and to\npermit persons to whom the Software is furnished to do so, subject to\nthe following conditions:\n\nThe above copyright notice and this permission notice shall be\nincluded in all copies or substantial portions of the Software.\n\nTHE SOFTWARE IS PROVIDED \'AS IS\', WITHOUT WARRANTY OF ANY KIND,\nEXPRESS OR IMPLIED, INCLUDING BUT NOT LIMITED TO THE WARRANTIES OF\nMERCHANTABILITY, FITNESS FOR A PARTICULAR PURPOSE AND NONINFRINGEMENT.\nIN NO EVENT SHALL THE AUTHORS OR COPYRIGHT HOLDERS BE LIABLE FOR ANY\nCLAIM, DAMAGES OR OTHER LIABILITY, WHETHER IN AN ACTION OF CONTRACT,\nTORT OR OTHERWISE, ARISING FROM, OUT OF OR IN CONNECTION WITH THE\nSOFTWARE OR THE USE OR OTHER DEALINGS IN THE SOFTWARE.\n',
827 silly resolved     _id: 'bindings@1.0.0',
827 silly resolved     _from: 'bindings@*' } ]
828 info install bindings@1.0.0 into /home/paul/Dev/scopehacks/node_modules/node-ffi
829 info installOne bindings@1.0.0
830 verbose from cache /home/paul/.npm/bindings/1.0.0/package/package.json
831 info /home/paul/Dev/scopehacks/node_modules/node-ffi/node_modules/bindings unbuild
832 verbose read json /home/paul/Dev/scopehacks/node_modules/node-ffi/node_modules/bindings/package.json
833 verbose tar unpack /home/paul/.npm/bindings/1.0.0/package.tgz
834 silly lockFile 000521c9-s-node-ffi-node-modules-bindings /home/paul/Dev/scopehacks/node_modules/node-ffi/node_modules/bindings
835 verbose lock /home/paul/Dev/scopehacks/node_modules/node-ffi/node_modules/bindings /home/paul/.npm/000521c9-s-node-ffi-node-modules-bindings.lock
836 silly gunzTarPerm modes [ '755', '644' ]
837 silly gunzTarPerm extractEntry package.json
838 silly gunzTarPerm extractEntry README.md
839 silly gunzTarPerm extractEntry bindings.js
840 verbose read json /home/paul/Dev/scopehacks/node_modules/node-ffi/node_modules/bindings/package.json
841 silly lockFile 000521c9-s-node-ffi-node-modules-bindings /home/paul/Dev/scopehacks/node_modules/node-ffi/node_modules/bindings
842 info preinstall bindings@1.0.0
843 verbose from cache /home/paul/Dev/scopehacks/node_modules/node-ffi/node_modules/bindings/package.json
844 verbose readDependencies using package.json deps
845 verbose from cache /home/paul/Dev/scopehacks/node_modules/node-ffi/node_modules/bindings/package.json
846 verbose readDependencies using package.json deps
847 silly resolved []
848 verbose about to build /home/paul/Dev/scopehacks/node_modules/node-ffi/node_modules/bindings
849 info build /home/paul/Dev/scopehacks/node_modules/node-ffi/node_modules/bindings
850 verbose from cache /home/paul/Dev/scopehacks/node_modules/node-ffi/node_modules/bindings/package.json
851 verbose linkStuff [ false,
851 verbose linkStuff   false,
851 verbose linkStuff   false,
851 verbose linkStuff   '/home/paul/Dev/scopehacks/node_modules/node-ffi/node_modules' ]
852 info linkStuff bindings@1.0.0
853 verbose linkBins bindings@1.0.0
854 verbose linkMans bindings@1.0.0
855 verbose rebuildBundles bindings@1.0.0
856 info install bindings@1.0.0
857 info postinstall bindings@1.0.0
858 verbose about to build /home/paul/Dev/scopehacks/node_modules/node-ffi
859 info build /home/paul/Dev/scopehacks/node_modules/node-ffi
860 verbose from cache /home/paul/Dev/scopehacks/node_modules/node-ffi/package.json
861 verbose linkStuff [ false, false, false, '/home/paul/Dev/scopehacks/node_modules' ]
862 info linkStuff node-ffi@0.5.5
863 verbose linkBins node-ffi@0.5.5
864 verbose linkMans node-ffi@0.5.5
865 verbose rebuildBundles node-ffi@0.5.5
866 verbose rebuildBundles [ 'bindings' ]
867 info install node-ffi@0.5.5
868 verbose unsafe-perm in lifecycle true
869 silly exec sh "-c" "node-gyp rebuild"
870 silly sh,-c,node-gyp rebuild,/home/paul/Dev/scopehacks/node_modules/node-ffi spawning
871 info node-ffi@0.5.5 Failed to exec install script
872 info /home/paul/Dev/scopehacks/node_modules/node-ffi unbuild
873 verbose from cache /home/paul/Dev/scopehacks/node_modules/node-ffi/package.json
874 info preuninstall node-ffi@0.5.5
875 info uninstall node-ffi@0.5.5
876 verbose true,/home/paul/Dev/scopehacks/node_modules,/home/paul/Dev/scopehacks/node_modules unbuild node-ffi@0.5.5
877 info postuninstall node-ffi@0.5.5
878 error node-ffi@0.5.5 install: `node-gyp rebuild`
878 error `sh "-c" "node-gyp rebuild"` failed with 1
879 error Failed at the node-ffi@0.5.5 install script.
879 error This is most likely a problem with the node-ffi package,
879 error not with npm itself.
879 error Tell the author that this fails on your system:
879 error     node-gyp rebuild
879 error You can get their info via:
879 error     npm owner ls node-ffi
879 error There is likely additional logging output above.
880 error System Linux 3.2.0-24-generic
881 error command "/usr/local/bin/node" "/usr/local/bin/npm" "install" "node-ffi"
882 error cwd /home/paul/Dev/scopehacks
883 error node -v v0.8.9
884 error npm -v 1.1.61
885 error code ELIFECYCLE
886 verbose exit [ 1, true ]
